Determining if the pthread_create exist failed with the following output:
Change Dir: /home/smj/ros/ws_ythgj/src/hardWare/qt-build/CMakeFiles/CMakeTmp

Run Build Command:/usr/bin/make "cmTryCompileExec3883964778/fast"
/usr/bin/make -f CMakeFiles/cmTryCompileExec3883964778.dir/build.make CMakeFiles/cmTryCompileExec3883964778.dir/build
make[1]: Entering directory `/home/smj/ros/ws_ythgj/src/hardWare/qt-build/CMakeFiles/CMakeTmp'
/usr/bin/cmake -E cmake_progress_report /home/smj/ros/ws_ythgj/src/hardWare/qt-build/CMakeFiles/CMakeTmp/CMakeFiles 1
Building C object CMakeFiles/cmTryCompileExec3883964778.dir/CheckSymbolExists.c.o
/usr/bin/cc    -o CMakeFiles/cmTryCompileExec3883964778.dir/CheckSymbolExists.c.o   -c /home/smj/ros/ws_ythgj/src/hardWare/qt-build/CMakeFiles/CMakeTmp/CheckSymbolExists.c
Linking C executable cmTryCompileExec3883964778
/usr/bin/cmake -E cmake_link_script CMakeFiles/cmTryCompileExec3883964778.dir/link.txt --verbose=1
/usr/bin/cc       CMakeFiles/cmTryCompileExec3883964778.dir/CheckSymbolExists.c.o  -o cmTryCompileExec3883964778 -rdynamic 
CMakeFiles/cmTryCompileExec3883964778.dir/CheckSymbolExists.c.o: In function `main':
CheckSymbolExists.c:(.text+0x16): undefined reference to `pthread_create'
collect2: error: ld returned 1 exit status
make[1]: *** [cmTryCompileExec3883964778] Error 1
make[1]: Leaving directory `/home/smj/ros/ws_ythgj/src/hardWare/qt-build/CMakeFiles/CMakeTmp'
make: *** [cmTryCompileExec3883964778/fast] Error 2

File /home/smj/ros/ws_ythgj/src/hardWare/qt-build/CMakeFiles/CMakeTmp/CheckSymbolExists.c:
/* */
#include <pthread.h>

int main(int argc, char** argv)
{
  (void)argv;
#ifndef pthread_create
  return ((int*)(&pthread_create))[argc];
#else
  (void)argc;
  return 0;
#endif
}

Determining if the function pthread_create exists in the pthreads failed with the following output:
Change Dir: /home/smj/ros/ws_ythgj/src/hardWare/qt-build/CMakeFiles/CMakeTmp

Run Build Command:/usr/bin/make "cmTryCompileExec4222898311/fast"
/usr/bin/make -f CMakeFiles/cmTryCompileExec4222898311.dir/build.make CMakeFiles/cmTryCompileExec4222898311.dir/build
make[1]: Entering directory `/home/smj/ros/ws_ythgj/src/hardWare/qt-build/CMakeFiles/CMakeTmp'
/usr/bin/cmake -E cmake_progress_report /home/smj/ros/ws_ythgj/src/hardWare/qt-build/CMakeFiles/CMakeTmp/CMakeFiles 1
Building C object CMakeFiles/cmTryCompileExec4222898311.dir/CheckFunctionExists.c.o
/usr/bin/cc   -DCHECK_FUNCTION_EXISTS=pthread_create   -o CMakeFiles/cmTryCompileExec4222898311.dir/CheckFunctionExists.c.o   -c /usr/share/cmake-2.8/Modules/CheckFunctionExists.c
Linking C executable cmTryCompileExec4222898311
/usr/bin/cmake -E cmake_link_script CMakeFiles/cmTryCompileExec4222898311.dir/link.txt --verbose=1
/usr/bin/cc   -DCHECK_FUNCTION_EXISTS=pthread_create    CMakeFiles/cmTryCompileExec4222898311.dir/CheckFunctionExists.c.o  -o cmTryCompileExec4222898311 -rdynamic -lpthreads 
/usr/bin/ld: cannot find -lpthreads
collect2: error: ld returned 1 exit status
make[1]: *** [cmTryCompileExec4222898311] Error 1
make[1]: Leaving directory `/home/smj/ros/ws_ythgj/src/hardWare/qt-build/CMakeFiles/CMakeTmp'
make: *** [cmTryCompileExec4222898311/fast] Error 2


Determining if the Q_WS_WIN exist failed with the following output:
Change Dir: /home/smj/ros/ws_ythgj/src/hardWare/qt-build/CMakeFiles/CMakeTmp

Run Build Command:/usr/bin/make "cmTryCompileExec1477821731/fast"
/usr/bin/make -f CMakeFiles/cmTryCompileExec1477821731.dir/build.make CMakeFiles/cmTryCompileExec1477821731.dir/build
make[1]: Entering directory `/home/smj/ros/ws_ythgj/src/hardWare/qt-build/CMakeFiles/CMakeTmp'
/usr/bin/cmake -E cmake_progress_report /home/smj/ros/ws_ythgj/src/hardWare/qt-build/CMakeFiles/CMakeTmp/CMakeFiles 1
Building CXX object CMakeFiles/cmTryCompileExec1477821731.dir/CheckSymbolExists.cxx.o
/usr/bin/c++    -I/usr/include/qt4    -o CMakeFiles/cmTryCompileExec1477821731.dir/CheckSymbolExists.cxx.o -c /home/smj/ros/ws_ythgj/src/hardWare/qt-build/CMakeFiles/CMakeTmp/CheckSymbolExists.cxx
/home/smj/ros/ws_ythgj/src/hardWare/qt-build/CMakeFiles/CMakeTmp/CheckSymbolExists.cxx: In function ‘int main(int, char**)’:
/home/smj/ros/ws_ythgj/src/hardWare/qt-build/CMakeFiles/CMakeTmp/CheckSymbolExists.cxx:8:19: error: ‘Q_WS_WIN’ was not declared in this scope
   return ((int*)(&Q_WS_WIN))[argc];
                   ^
make[1]: *** [CMakeFiles/cmTryCompileExec1477821731.dir/CheckSymbolExists.cxx.o] Error 1
make[1]: Leaving directory `/home/smj/ros/ws_ythgj/src/hardWare/qt-build/CMakeFiles/CMakeTmp'
make: *** [cmTryCompileExec1477821731/fast] Error 2

File /home/smj/ros/ws_ythgj/src/hardWare/qt-build/CMakeFiles/CMakeTmp/CheckSymbolExists.cxx:
/* */
#include <QtCore/qglobal.h>

int main(int argc, char** argv)
{
  (void)argv;
#ifndef Q_WS_WIN
  return ((int*)(&Q_WS_WIN))[argc];
#else
  (void)argc;
  return 0;
#endif
}

Determining if the Q_WS_QWS exist failed with the following output:
Change Dir: /home/smj/ros/ws_ythgj/src/hardWare/qt-build/CMakeFiles/CMakeTmp

Run Build Command:/usr/bin/make "cmTryCompileExec4068693314/fast"
/usr/bin/make -f CMakeFiles/cmTryCompileExec4068693314.dir/build.make CMakeFiles/cmTryCompileExec4068693314.dir/build
make[1]: Entering directory `/home/smj/ros/ws_ythgj/src/hardWare/qt-build/CMakeFiles/CMakeTmp'
/usr/bin/cmake -E cmake_progress_report /home/smj/ros/ws_ythgj/src/hardWare/qt-build/CMakeFiles/CMakeTmp/CMakeFiles 1
Building CXX object CMakeFiles/cmTryCompileExec4068693314.dir/CheckSymbolExists.cxx.o
/usr/bin/c++    -I/usr/include/qt4    -o CMakeFiles/cmTryCompileExec4068693314.dir/CheckSymbolExists.cxx.o -c /home/smj/ros/ws_ythgj/src/hardWare/qt-build/CMakeFiles/CMakeTmp/CheckSymbolExists.cxx
/home/smj/ros/ws_ythgj/src/hardWare/qt-build/CMakeFiles/CMakeTmp/CheckSymbolExists.cxx: In function ‘int main(int, char**)’:
/home/smj/ros/ws_ythgj/src/hardWare/qt-build/CMakeFiles/CMakeTmp/CheckSymbolExists.cxx:8:19: error: ‘Q_WS_QWS’ was not declared in this scope
   return ((int*)(&Q_WS_QWS))[argc];
                   ^
make[1]: Leaving directory `/home/smj/ros/ws_ythgj/src/hardWare/qt-build/CMakeFiles/CMakeTmp'
make[1]: *** [CMakeFiles/cmTryCompileExec4068693314.dir/CheckSymbolExists.cxx.o] Error 1
make: *** [cmTryCompileExec4068693314/fast] Error 2

File /home/smj/ros/ws_ythgj/src/hardWare/qt-build/CMakeFiles/CMakeTmp/CheckSymbolExists.cxx:
/* */
#include <QtCore/qglobal.h>

int main(int argc, char** argv)
{
  (void)argv;
#ifndef Q_WS_QWS
  return ((int*)(&Q_WS_QWS))[argc];
#else
  (void)argc;
  return 0;
#endif
}

Determining if the Q_WS_MAC exist failed with the following output:
Change Dir: /home/smj/ros/ws_ythgj/src/hardWare/qt-build/CMakeFiles/CMakeTmp

Run Build Command:/usr/bin/make "cmTryCompileExec4283744234/fast"
/usr/bin/make -f CMakeFiles/cmTryCompileExec4283744234.dir/build.make CMakeFiles/cmTryCompileExec4283744234.dir/build
make[1]: Entering directory `/home/smj/ros/ws_ythgj/src/hardWare/qt-build/CMakeFiles/CMakeTmp'
/usr/bin/cmake -E cmake_progress_report /home/smj/ros/ws_ythgj/src/hardWare/qt-build/CMakeFiles/CMakeTmp/CMakeFiles 1
Building CXX object CMakeFiles/cmTryCompileExec4283744234.dir/CheckSymbolExists.cxx.o
/usr/bin/c++    -I/usr/include/qt4    -o CMakeFiles/cmTryCompileExec4283744234.dir/CheckSymbolExists.cxx.o -c /home/smj/ros/ws_ythgj/src/hardWare/qt-build/CMakeFiles/CMakeTmp/CheckSymbolExists.cxx
/home/smj/ros/ws_ythgj/src/hardWare/qt-build/CMakeFiles/CMakeTmp/CheckSymbolExists.cxx: In function ‘int main(int, char**)’:
/home/smj/ros/ws_ythgj/src/hardWare/qt-build/CMakeFiles/CMakeTmp/CheckSymbolExists.cxx:8:19: error: ‘Q_WS_MAC’ was not declared in this scope
   return ((int*)(&Q_WS_MAC))[argc];
                   ^
make[1]: *** [CMakeFiles/cmTryCompileExec4283744234.dir/CheckSymbolExists.cxx.o] Error 1
make[1]: Leaving directory `/home/smj/ros/ws_ythgj/src/hardWare/qt-build/CMakeFiles/CMakeTmp'
make: *** [cmTryCompileExec4283744234/fast] Error 2

File /home/smj/ros/ws_ythgj/src/hardWare/qt-build/CMakeFiles/CMakeTmp/CheckSymbolExists.cxx:
/* */
#include <QtCore/qglobal.h>

int main(int argc, char** argv)
{
  (void)argv;
#ifndef Q_WS_MAC
  return ((int*)(&Q_WS_MAC))[argc];
#else
  (void)argc;
  return 0;
#endif
}

