Determining if the pthread_create exist failed with the following output:
Change Dir: /home/smj/ros/new_yth/ws_yth_1/src/GUI/Qt-build/CMakeFiles/CMakeTmp

Run Build Command:/usr/bin/make "cmTryCompileExec458621680/fast"
/usr/bin/make -f CMakeFiles/cmTryCompileExec458621680.dir/build.make CMakeFiles/cmTryCompileExec458621680.dir/build
make[1]: Entering directory `/home/smj/ros/new_yth/ws_yth_1/src/GUI/Qt-build/CMakeFiles/CMakeTmp'
/usr/bin/cmake -E cmake_progress_report /home/smj/ros/new_yth/ws_yth_1/src/GUI/Qt-build/CMakeFiles/CMakeTmp/CMakeFiles 1
Building C object CMakeFiles/cmTryCompileExec458621680.dir/CheckSymbolExists.c.o
/usr/bin/cc    -o CMakeFiles/cmTryCompileExec458621680.dir/CheckSymbolExists.c.o   -c /home/smj/ros/new_yth/ws_yth_1/src/GUI/Qt-build/CMakeFiles/CMakeTmp/CheckSymbolExists.c
Linking C executable cmTryCompileExec458621680
/usr/bin/cmake -E cmake_link_script CMakeFiles/cmTryCompileExec458621680.dir/link.txt --verbose=1
/usr/bin/cc       CMakeFiles/cmTryCompileExec458621680.dir/CheckSymbolExists.c.o  -o cmTryCompileExec458621680 -rdynamic 
CMakeFiles/cmTryCompileExec458621680.dir/CheckSymbolExists.c.o: In function `main':
CheckSymbolExists.c:(.text+0x16): undefined reference to `pthread_create'
collect2: error: ld returned 1 exit status
make[1]: Leaving directory `/home/smj/ros/new_yth/ws_yth_1/src/GUI/Qt-build/CMakeFiles/CMakeTmp'
make[1]: *** [cmTryCompileExec458621680] Error 1
make: *** [cmTryCompileExec458621680/fast] Error 2

File /home/smj/ros/new_yth/ws_yth_1/src/GUI/Qt-build/CMakeFiles/CMakeTmp/CheckSymbolExists.c:
/* */
#include <pthread.h>

int main(int argc, char** argv)
{
  (void)argv;
#ifndef pthread_create
  return ((int*)(&pthread_create))[argc];
#else
  (void)argc;
  return 0;
#endif
}

Determining if the function pthread_create exists in the pthreads failed with the following output:
Change Dir: /home/smj/ros/new_yth/ws_yth_1/src/GUI/Qt-build/CMakeFiles/CMakeTmp

Run Build Command:/usr/bin/make "cmTryCompileExec2563534495/fast"
/usr/bin/make -f CMakeFiles/cmTryCompileExec2563534495.dir/build.make CMakeFiles/cmTryCompileExec2563534495.dir/build
make[1]: Entering directory `/home/smj/ros/new_yth/ws_yth_1/src/GUI/Qt-build/CMakeFiles/CMakeTmp'
/usr/bin/cmake -E cmake_progress_report /home/smj/ros/new_yth/ws_yth_1/src/GUI/Qt-build/CMakeFiles/CMakeTmp/CMakeFiles 1
Building C object CMakeFiles/cmTryCompileExec2563534495.dir/CheckFunctionExists.c.o
/usr/bin/cc   -DCHECK_FUNCTION_EXISTS=pthread_create   -o CMakeFiles/cmTryCompileExec2563534495.dir/CheckFunctionExists.c.o   -c /usr/share/cmake-2.8/Modules/CheckFunctionExists.c
Linking C executable cmTryCompileExec2563534495
/usr/bin/cmake -E cmake_link_script CMakeFiles/cmTryCompileExec2563534495.dir/link.txt --verbose=1
/usr/bin/cc   -DCHECK_FUNCTION_EXISTS=pthread_create    CMakeFiles/cmTryCompileExec2563534495.dir/CheckFunctionExists.c.o  -o cmTryCompileExec2563534495 -rdynamic -lpthreads 
/usr/bin/ld: cannot find -lpthreads
collect2: error: ld returned 1 exit status
make[1]: *** [cmTryCompileExec2563534495] Error 1
make[1]: Leaving directory `/home/smj/ros/new_yth/ws_yth_1/src/GUI/Qt-build/CMakeFiles/CMakeTmp'
make: *** [cmTryCompileExec2563534495/fast] Error 2


Determining if the Q_WS_WIN exist failed with the following output:
Change Dir: /home/smj/ros/new_yth/ws_yth_1/src/GUI/Qt-build/CMakeFiles/CMakeTmp

Run Build Command:/usr/bin/make "cmTryCompileExec735907640/fast"
/usr/bin/make -f CMakeFiles/cmTryCompileExec735907640.dir/build.make CMakeFiles/cmTryCompileExec735907640.dir/build
make[1]: Entering directory `/home/smj/ros/new_yth/ws_yth_1/src/GUI/Qt-build/CMakeFiles/CMakeTmp'
/usr/bin/cmake -E cmake_progress_report /home/smj/ros/new_yth/ws_yth_1/src/GUI/Qt-build/CMakeFiles/CMakeTmp/CMakeFiles 1
Building CXX object CMakeFiles/cmTryCompileExec735907640.dir/CheckSymbolExists.cxx.o
/usr/bin/c++    -I/usr/include/qt4    -o CMakeFiles/cmTryCompileExec735907640.dir/CheckSymbolExists.cxx.o -c /home/smj/ros/new_yth/ws_yth_1/src/GUI/Qt-build/CMakeFiles/CMakeTmp/CheckSymbolExists.cxx
/home/smj/ros/new_yth/ws_yth_1/src/GUI/Qt-build/CMakeFiles/CMakeTmp/CheckSymbolExists.cxx: In function ‘int main(int, char**)’:
/home/smj/ros/new_yth/ws_yth_1/src/GUI/Qt-build/CMakeFiles/CMakeTmp/CheckSymbolExists.cxx:8:19: error: ‘Q_WS_WIN’ was not declared in this scope
   return ((int*)(&Q_WS_WIN))[argc];
                   ^
make[1]: *** [CMakeFiles/cmTryCompileExec735907640.dir/CheckSymbolExists.cxx.o] Error 1
make[1]: Leaving directory `/home/smj/ros/new_yth/ws_yth_1/src/GUI/Qt-build/CMakeFiles/CMakeTmp'
make: *** [cmTryCompileExec735907640/fast] Error 2

File /home/smj/ros/new_yth/ws_yth_1/src/GUI/Qt-build/CMakeFiles/CMakeTmp/CheckSymbolExists.cxx:
/* */
#include <QtCore/qglobal.h>

int main(int argc, char** argv)
{
  (void)argv;
#ifndef Q_WS_WIN
  return ((int*)(&Q_WS_WIN))[argc];
#else
  (void)argc;
  return 0;
#endif
}

Determining if the Q_WS_QWS exist failed with the following output:
Change Dir: /home/smj/ros/new_yth/ws_yth_1/src/GUI/Qt-build/CMakeFiles/CMakeTmp

Run Build Command:/usr/bin/make "cmTryCompileExec3256397966/fast"
/usr/bin/make -f CMakeFiles/cmTryCompileExec3256397966.dir/build.make CMakeFiles/cmTryCompileExec3256397966.dir/build
make[1]: Entering directory `/home/smj/ros/new_yth/ws_yth_1/src/GUI/Qt-build/CMakeFiles/CMakeTmp'
/usr/bin/cmake -E cmake_progress_report /home/smj/ros/new_yth/ws_yth_1/src/GUI/Qt-build/CMakeFiles/CMakeTmp/CMakeFiles 1
Building CXX object CMakeFiles/cmTryCompileExec3256397966.dir/CheckSymbolExists.cxx.o
/usr/bin/c++    -I/usr/include/qt4    -o CMakeFiles/cmTryCompileExec3256397966.dir/CheckSymbolExists.cxx.o -c /home/smj/ros/new_yth/ws_yth_1/src/GUI/Qt-build/CMakeFiles/CMakeTmp/CheckSymbolExists.cxx
/home/smj/ros/new_yth/ws_yth_1/src/GUI/Qt-build/CMakeFiles/CMakeTmp/CheckSymbolExists.cxx: In function ‘int main(int, char**)’:
/home/smj/ros/new_yth/ws_yth_1/src/GUI/Qt-build/CMakeFiles/CMakeTmp/CheckSymbolExists.cxx:8:19: error: ‘Q_WS_QWS’ was not declared in this scope
   return ((int*)(&Q_WS_QWS))[argc];
                   ^
make[1]: *** [CMakeFiles/cmTryCompileExec3256397966.dir/CheckSymbolExists.cxx.o] Error 1
make[1]: Leaving directory `/home/smj/ros/new_yth/ws_yth_1/src/GUI/Qt-build/CMakeFiles/CMakeTmp'
make: *** [cmTryCompileExec3256397966/fast] Error 2

File /home/smj/ros/new_yth/ws_yth_1/src/GUI/Qt-build/CMakeFiles/CMakeTmp/CheckSymbolExists.cxx:
/* */
#include <QtCore/qglobal.h>

int main(int argc, char** argv)
{
  (void)argv;
#ifndef Q_WS_QWS
  return ((int*)(&Q_WS_QWS))[argc];
#else
  (void)argc;
  return 0;
#endif
}

Determining if the Q_WS_MAC exist failed with the following output:
Change Dir: /home/smj/ros/new_yth/ws_yth_1/src/GUI/Qt-build/CMakeFiles/CMakeTmp

Run Build Command:/usr/bin/make "cmTryCompileExec1557568761/fast"
/usr/bin/make -f CMakeFiles/cmTryCompileExec1557568761.dir/build.make CMakeFiles/cmTryCompileExec1557568761.dir/build
make[1]: Entering directory `/home/smj/ros/new_yth/ws_yth_1/src/GUI/Qt-build/CMakeFiles/CMakeTmp'
/usr/bin/cmake -E cmake_progress_report /home/smj/ros/new_yth/ws_yth_1/src/GUI/Qt-build/CMakeFiles/CMakeTmp/CMakeFiles 1
Building CXX object CMakeFiles/cmTryCompileExec1557568761.dir/CheckSymbolExists.cxx.o
/usr/bin/c++    -I/usr/include/qt4    -o CMakeFiles/cmTryCompileExec1557568761.dir/CheckSymbolExists.cxx.o -c /home/smj/ros/new_yth/ws_yth_1/src/GUI/Qt-build/CMakeFiles/CMakeTmp/CheckSymbolExists.cxx
/home/smj/ros/new_yth/ws_yth_1/src/GUI/Qt-build/CMakeFiles/CMakeTmp/CheckSymbolExists.cxx: In function ‘int main(int, char**)’:
/home/smj/ros/new_yth/ws_yth_1/src/GUI/Qt-build/CMakeFiles/CMakeTmp/CheckSymbolExists.cxx:8:19: error: ‘Q_WS_MAC’ was not declared in this scope
   return ((int*)(&Q_WS_MAC))[argc];
                   ^
make[1]: *** [CMakeFiles/cmTryCompileExec1557568761.dir/CheckSymbolExists.cxx.o] Error 1
make[1]: Leaving directory `/home/smj/ros/new_yth/ws_yth_1/src/GUI/Qt-build/CMakeFiles/CMakeTmp'
make: *** [cmTryCompileExec1557568761/fast] Error 2

File /home/smj/ros/new_yth/ws_yth_1/src/GUI/Qt-build/CMakeFiles/CMakeTmp/CheckSymbolExists.cxx:
/* */
#include <QtCore/qglobal.h>

int main(int argc, char** argv)
{
  (void)argv;
#ifndef Q_WS_MAC
  return ((int*)(&Q_WS_MAC))[argc];
#else
  (void)argc;
  return 0;
#endif
}

