Determining if the pthread_create exist failed with the following output:
Change Dir: /home/smj/ros/ws_show/src/car_GUI/car_gui_build/CMakeFiles/CMakeTmp

Run Build Command:/usr/bin/make "cmTryCompileExec290882882/fast"
/usr/bin/make -f CMakeFiles/cmTryCompileExec290882882.dir/build.make CMakeFiles/cmTryCompileExec290882882.dir/build
make[1]: Entering directory `/home/smj/ros/ws_show/src/car_GUI/car_gui_build/CMakeFiles/CMakeTmp'
/usr/bin/cmake -E cmake_progress_report /home/smj/ros/ws_show/src/car_GUI/car_gui_build/CMakeFiles/CMakeTmp/CMakeFiles 1
Building C object CMakeFiles/cmTryCompileExec290882882.dir/CheckSymbolExists.c.o
/usr/bin/cc    -o CMakeFiles/cmTryCompileExec290882882.dir/CheckSymbolExists.c.o   -c /home/smj/ros/ws_show/src/car_GUI/car_gui_build/CMakeFiles/CMakeTmp/CheckSymbolExists.c
Linking C executable cmTryCompileExec290882882
/usr/bin/cmake -E cmake_link_script CMakeFiles/cmTryCompileExec290882882.dir/link.txt --verbose=1
/usr/bin/cc       CMakeFiles/cmTryCompileExec290882882.dir/CheckSymbolExists.c.o  -o cmTryCompileExec290882882 -rdynamic 
CMakeFiles/cmTryCompileExec290882882.dir/CheckSymbolExists.c.o: In function `main':
CheckSymbolExists.c:(.text+0x16): undefined reference to `pthread_create'
collect2: error: ld returned 1 exit status
make[1]: Leaving directory `/home/smj/ros/ws_show/src/car_GUI/car_gui_build/CMakeFiles/CMakeTmp'
make[1]: *** [cmTryCompileExec290882882] Error 1
make: *** [cmTryCompileExec290882882/fast] Error 2

File /home/smj/ros/ws_show/src/car_GUI/car_gui_build/CMakeFiles/CMakeTmp/CheckSymbolExists.c:
/* */
#include <pthread.h>

int main(int argc, char** argv)
{
  (void)argv;
#ifndef pthread_create
  return ((int*)(&pthread_create))[argc];
#else
  (void)argc;
  return 0;
#endif
}

Determining if the function pthread_create exists in the pthreads failed with the following output:
Change Dir: /home/smj/ros/ws_show/src/car_GUI/car_gui_build/CMakeFiles/CMakeTmp

Run Build Command:/usr/bin/make "cmTryCompileExec2670043933/fast"
/usr/bin/make -f CMakeFiles/cmTryCompileExec2670043933.dir/build.make CMakeFiles/cmTryCompileExec2670043933.dir/build
make[1]: Entering directory `/home/smj/ros/ws_show/src/car_GUI/car_gui_build/CMakeFiles/CMakeTmp'
/usr/bin/cmake -E cmake_progress_report /home/smj/ros/ws_show/src/car_GUI/car_gui_build/CMakeFiles/CMakeTmp/CMakeFiles 1
Building C object CMakeFiles/cmTryCompileExec2670043933.dir/CheckFunctionExists.c.o
/usr/bin/cc   -DCHECK_FUNCTION_EXISTS=pthread_create   -o CMakeFiles/cmTryCompileExec2670043933.dir/CheckFunctionExists.c.o   -c /usr/share/cmake-2.8/Modules/CheckFunctionExists.c
Linking C executable cmTryCompileExec2670043933
/usr/bin/cmake -E cmake_link_script CMakeFiles/cmTryCompileExec2670043933.dir/link.txt --verbose=1
/usr/bin/cc   -DCHECK_FUNCTION_EXISTS=pthread_create    CMakeFiles/cmTryCompileExec2670043933.dir/CheckFunctionExists.c.o  -o cmTryCompileExec2670043933 -rdynamic -lpthreads 
/usr/bin/ld: cannot find -lpthreads
collect2: error: ld returned 1 exit status
make[1]: *** [cmTryCompileExec2670043933] Error 1
make[1]: Leaving directory `/home/smj/ros/ws_show/src/car_GUI/car_gui_build/CMakeFiles/CMakeTmp'
make: *** [cmTryCompileExec2670043933/fast] Error 2


Determining if the Q_WS_WIN exist failed with the following output:
Change Dir: /home/smj/ros/ws_show/src/car_GUI/car_gui_build/CMakeFiles/CMakeTmp

Run Build Command:/usr/bin/make "cmTryCompileExec3440078385/fast"
/usr/bin/make -f CMakeFiles/cmTryCompileExec3440078385.dir/build.make CMakeFiles/cmTryCompileExec3440078385.dir/build
make[1]: Entering directory `/home/smj/ros/ws_show/src/car_GUI/car_gui_build/CMakeFiles/CMakeTmp'
/usr/bin/cmake -E cmake_progress_report /home/smj/ros/ws_show/src/car_GUI/car_gui_build/CMakeFiles/CMakeTmp/CMakeFiles 1
Building CXX object CMakeFiles/cmTryCompileExec3440078385.dir/CheckSymbolExists.cxx.o
/usr/bin/c++    -I/usr/include/qt4    -o CMakeFiles/cmTryCompileExec3440078385.dir/CheckSymbolExists.cxx.o -c /home/smj/ros/ws_show/src/car_GUI/car_gui_build/CMakeFiles/CMakeTmp/CheckSymbolExists.cxx
/home/smj/ros/ws_show/src/car_GUI/car_gui_build/CMakeFiles/CMakeTmp/CheckSymbolExists.cxx: In function ‘int main(int, char**)’:
/home/smj/ros/ws_show/src/car_GUI/car_gui_build/CMakeFiles/CMakeTmp/CheckSymbolExists.cxx:8:19: error: ‘Q_WS_WIN’ was not declared in this scope
   return ((int*)(&Q_WS_WIN))[argc];
                   ^
make[1]: *** [CMakeFiles/cmTryCompileExec3440078385.dir/CheckSymbolExists.cxx.o] Error 1
make[1]: Leaving directory `/home/smj/ros/ws_show/src/car_GUI/car_gui_build/CMakeFiles/CMakeTmp'
make: *** [cmTryCompileExec3440078385/fast] Error 2

File /home/smj/ros/ws_show/src/car_GUI/car_gui_build/CMakeFiles/CMakeTmp/CheckSymbolExists.cxx:
/* */
#include <QtCore/qglobal.h>

int main(int argc, char** argv)
{
  (void)argv;
#ifndef Q_WS_WIN
  return ((int*)(&Q_WS_WIN))[argc];
#else
  (void)argc;
  return 0;
#endif
}

Determining if the Q_WS_QWS exist failed with the following output:
Change Dir: /home/smj/ros/ws_show/src/car_GUI/car_gui_build/CMakeFiles/CMakeTmp

Run Build Command:/usr/bin/make "cmTryCompileExec2451903307/fast"
/usr/bin/make -f CMakeFiles/cmTryCompileExec2451903307.dir/build.make CMakeFiles/cmTryCompileExec2451903307.dir/build
make[1]: Entering directory `/home/smj/ros/ws_show/src/car_GUI/car_gui_build/CMakeFiles/CMakeTmp'
/usr/bin/cmake -E cmake_progress_report /home/smj/ros/ws_show/src/car_GUI/car_gui_build/CMakeFiles/CMakeTmp/CMakeFiles 1
Building CXX object CMakeFiles/cmTryCompileExec2451903307.dir/CheckSymbolExists.cxx.o
/usr/bin/c++    -I/usr/include/qt4    -o CMakeFiles/cmTryCompileExec2451903307.dir/CheckSymbolExists.cxx.o -c /home/smj/ros/ws_show/src/car_GUI/car_gui_build/CMakeFiles/CMakeTmp/CheckSymbolExists.cxx
/home/smj/ros/ws_show/src/car_GUI/car_gui_build/CMakeFiles/CMakeTmp/CheckSymbolExists.cxx: In function ‘int main(int, char**)’:
/home/smj/ros/ws_show/src/car_GUI/car_gui_build/CMakeFiles/CMakeTmp/CheckSymbolExists.cxx:8:19: error: ‘Q_WS_QWS’ was not declared in this scope
   return ((int*)(&Q_WS_QWS))[argc];
                   ^
make[1]: *** [CMakeFiles/cmTryCompileExec2451903307.dir/CheckSymbolExists.cxx.o] Error 1
make[1]: Leaving directory `/home/smj/ros/ws_show/src/car_GUI/car_gui_build/CMakeFiles/CMakeTmp'
make: *** [cmTryCompileExec2451903307/fast] Error 2

File /home/smj/ros/ws_show/src/car_GUI/car_gui_build/CMakeFiles/CMakeTmp/CheckSymbolExists.cxx:
/* */
#include <QtCore/qglobal.h>

int main(int argc, char** argv)
{
  (void)argv;
#ifndef Q_WS_QWS
  return ((int*)(&Q_WS_QWS))[argc];
#else
  (void)argc;
  return 0;
#endif
}

Determining if the Q_WS_MAC exist failed with the following output:
Change Dir: /home/smj/ros/ws_show/src/car_GUI/car_gui_build/CMakeFiles/CMakeTmp

Run Build Command:/usr/bin/make "cmTryCompileExec1040956188/fast"
/usr/bin/make -f CMakeFiles/cmTryCompileExec1040956188.dir/build.make CMakeFiles/cmTryCompileExec1040956188.dir/build
make[1]: Entering directory `/home/smj/ros/ws_show/src/car_GUI/car_gui_build/CMakeFiles/CMakeTmp'
/usr/bin/cmake -E cmake_progress_report /home/smj/ros/ws_show/src/car_GUI/car_gui_build/CMakeFiles/CMakeTmp/CMakeFiles 1
Building CXX object CMakeFiles/cmTryCompileExec1040956188.dir/CheckSymbolExists.cxx.o
/usr/bin/c++    -I/usr/include/qt4    -o CMakeFiles/cmTryCompileExec1040956188.dir/CheckSymbolExists.cxx.o -c /home/smj/ros/ws_show/src/car_GUI/car_gui_build/CMakeFiles/CMakeTmp/CheckSymbolExists.cxx
/home/smj/ros/ws_show/src/car_GUI/car_gui_build/CMakeFiles/CMakeTmp/CheckSymbolExists.cxx: In function ‘int main(int, char**)’:
/home/smj/ros/ws_show/src/car_GUI/car_gui_build/CMakeFiles/CMakeTmp/CheckSymbolExists.cxx:8:19: error: ‘Q_WS_MAC’ was not declared in this scope
   return ((int*)(&Q_WS_MAC))[argc];
                   ^
make[1]: *** [CMakeFiles/cmTryCompileExec1040956188.dir/CheckSymbolExists.cxx.o] Error 1
make[1]: Leaving directory `/home/smj/ros/ws_show/src/car_GUI/car_gui_build/CMakeFiles/CMakeTmp'
make: *** [cmTryCompileExec1040956188/fast] Error 2

File /home/smj/ros/ws_show/src/car_GUI/car_gui_build/CMakeFiles/CMakeTmp/CheckSymbolExists.cxx:
/* */
#include <QtCore/qglobal.h>

int main(int argc, char** argv)
{
  (void)argv;
#ifndef Q_WS_MAC
  return ((int*)(&Q_WS_MAC))[argc];
#else
  (void)argc;
  return 0;
#endif
}

